0 info it worked if it ends with ok
1 verbose cli [ 'node', '/usr/local/bin/npm', 'install', '-g', 'n' ]
2 info using npm@2.14.0
3 info using node@v0.12.7
4 verbose node symlink /usr/local/bin/node
5 verbose install initial load of /usr/local/lib/package.json
6 verbose readDependencies loading dependencies from /usr/local/lib/package.json
7 silly cache add args [ 'n', null ]
8 verbose cache add spec n
9 silly cache add parsed spec { raw: 'n',
9 silly cache add   scope: null,
9 silly cache add   name: 'n',
9 silly cache add   rawSpec: '',
9 silly cache add   spec: '*',
9 silly cache add   type: 'range' }
10 silly addNamed n@*
11 verbose addNamed "*" is a valid semver range for n
12 silly addNameRange { name: 'n', range: '*', hasData: false }
13 silly mapToRegistry name n
14 silly mapToRegistry using default registry
15 silly mapToRegistry registry https://registry.npmjs.org/
16 silly mapToRegistry uri https://registry.npmjs.org/n
17 verbose addNameRange registry:https://registry.npmjs.org/n not in flight; fetching
18 verbose request uri https://registry.npmjs.org/n
19 verbose request no auth needed
20 info attempt registry request try #1 at 11:08:48
21 verbose request id bce475ef726a2eac
22 http request GET https://registry.npmjs.org/n
23 info retry will retry, error on last attempt: Error: getaddrinfo ENOTFOUND registry.npmjs.org
24 info attempt registry request try #2 at 11:09:28
25 http request GET https://registry.npmjs.org/n
26 info retry will retry, error on last attempt: Error: getaddrinfo ENOTFOUND registry.npmjs.org
27 info attempt registry request try #3 at 11:10:58
28 http request GET https://registry.npmjs.org/n
29 verbose stack Error: getaddrinfo ENOTFOUND registry.npmjs.org
29 verbose stack     at errnoException (dns.js:44:10)
29 verbose stack     at GetAddrInfoReqWrap.onlookup [as oncomplete] (dns.js:94:26)
30 verbose cwd /Users/mtime/lily2015/dev/src
31 error Darwin 15.2.0
32 error argv "node" "/usr/local/bin/npm" "install" "-g" "n"
33 error node v0.12.7
34 error npm  v2.14.0
35 error code ENOTFOUND
36 error errno ENOTFOUND
37 error syscall getaddrinfo
38 error network getaddrinfo ENOTFOUND registry.npmjs.org
38 error network This is most likely not a problem with npm itself
38 error network and is related to network connectivity.
38 error network In most cases you are behind a proxy or have bad network settings.
38 error network
38 error network If you are behind a proxy, please make sure that the
38 error network 'proxy' config is set properly.  See: 'npm help config'
39 verbose exit [ 1, true ]
